<?xml version="1.0" encoding="UTF-8"?>
<!-- Generated by org.testng.reporters.JUnitReportReporter -->
<testsuite skipped="0" hostname="Raam" name="testscripts.ExecuteFile" tests="9" failures="0" timestamp="2023-03-16T13:22:49 IST" time="36.228" errors="0">
  <testcase name="login" time="2.619" classname="testscripts.ExecuteFile"/>
  <system-out/>
  <testcase name="additem" time="3.677" classname="testscripts.ExecuteFile"/>
  <system-out/>
  <testcase name="additem" time="2.651" classname="testscripts.ExecuteFile"/>
  <system-out/>
  <testcase name="additem" time="3.168" classname="testscripts.ExecuteFile"/>
  <system-out/>
  <testcase name="additem" time="4.315" classname="testscripts.ExecuteFile"/>
  <system-out/>
  <testcase name="additem" time="2.077" classname="testscripts.ExecuteFile"/>
  <system-out/>
  <testcase name="cart" time="1.940" classname="testscripts.ExecuteFile"/>
  <system-out/>
  <testcase name="del_cart" time="0.135" classname="testscripts.ExecuteFile"/>
  <system-out/>
  <testcase name="finalise" time="15.646" classname="testscripts.ExecuteFile"/>
  <system-out/>
</testsuite> <!-- testscripts.ExecuteFile -->
