<?xml version="1.0" encoding="UTF-8"?>
<!-- Generated by org.testng.reporters.JUnitReportReporter -->
<testsuite skipped="0" hostname="Raam" name="testscripts.CasePlaceOrder" tests="9" failures="0" timestamp="2023-03-14T22:42:12 IST" time="44.676" errors="0">
  <testcase name="login" time="4.157" classname="testscripts.CasePlaceOrder"/>
  <system-out/>
  <testcase name="additem" time="4.681" classname="testscripts.CasePlaceOrder"/>
  <system-out/>
  <testcase name="additem" time="3.044" classname="testscripts.CasePlaceOrder"/>
  <system-out/>
  <testcase name="additem" time="4.074" classname="testscripts.CasePlaceOrder"/>
  <system-out/>
  <testcase name="additem" time="5.091" classname="testscripts.CasePlaceOrder"/>
  <system-out/>
  <testcase name="additem" time="4.846" classname="testscripts.CasePlaceOrder"/>
  <system-out/>
  <testcase name="cart" time="3.149" classname="testscripts.CasePlaceOrder"/>
  <system-out/>
  <testcase name="del_cart" time="0.126" classname="testscripts.CasePlaceOrder"/>
  <system-out/>
  <testcase name="finalise" time="15.508" classname="testscripts.CasePlaceOrder"/>
  <system-out/>
</testsuite> <!-- testscripts.CasePlaceOrder -->
