<?xml version="1.0" encoding="UTF-8"?>
<!-- Generated by org.testng.reporters.JUnitReportReporter -->
<testsuite skipped="0" hostname="Raam" name="testscripts.CasePlaceOrder" tests="9" failures="0" timestamp="2023-03-14T22:56:05 IST" time="41.768" errors="0">
  <testcase name="login" time="3.175" classname="testscripts.CasePlaceOrder"/>
  <system-out/>
  <testcase name="additem" time="4.417" classname="testscripts.CasePlaceOrder"/>
  <system-out/>
  <testcase name="additem" time="4.350" classname="testscripts.CasePlaceOrder"/>
  <system-out/>
  <testcase name="additem" time="3.760" classname="testscripts.CasePlaceOrder"/>
  <system-out/>
  <testcase name="additem" time="2.576" classname="testscripts.CasePlaceOrder"/>
  <system-out/>
  <testcase name="additem" time="5.545" classname="testscripts.CasePlaceOrder"/>
  <system-out/>
  <testcase name="cart" time="2.008" classname="testscripts.CasePlaceOrder"/>
  <system-out/>
  <testcase name="del_cart" time="0.145" classname="testscripts.CasePlaceOrder"/>
  <system-out/>
  <testcase name="finalise" time="15.792" classname="testscripts.CasePlaceOrder"/>
  <system-out/>
</testsuite> <!-- testscripts.CasePlaceOrder -->
